Tested 0 out of 1333 songs
Latin
Latin
Latin
Latin
Latin
Electronic
Latin
Latin
Latin
Holiday
Electronic
Blues
Latin
Latin
Latin
Latin
Latin
Latin
Holiday
Electronic
Electronic
Latin
Latin
Holiday
Latin
Electronic
Holiday
Holiday
Electronic
Latin
Holiday
Holiday
Latin
Latin
Latin
Holiday
Holiday
Blues
Holiday
Latin
Latin
Holiday
Latin
Latin
Latin
Latin
Latin
Latin
Latin
Latin
Tested 50 out of 1333 songs
Latin
Latin
Latin
Latin
Latin
Latin
Latin
Latin
Holiday
Latin
Latin
Latin
Latin
Latin
Electronic
Blues
Latin
Latin
Rap
Latin
Holiday
Latin
Latin
Latin
Holiday
Latin
Rap
Latin
Latin
Latin
Latin
Latin
Latin
Latin
Latin
Latin
Latin
Electronic
Pop_Rock
Latin
Electronic
Latin
Latin
Latin
Holiday
Latin
Holiday
Latin
Latin
Latin
Tested 100 out of 1333 songs
Latin
Latin
Latin
Holiday
Latin
Latin
Latin
Blues
Holiday
Electronic
Latin
Latin
Latin
Latin
Latin
Latin
Latin
Electronic
Latin
Latin
Latin
Latin
Holiday
Holiday
Latin
Blues
Electronic
Latin
Blues
Latin
Holiday
Blues
Latin
Latin
Latin
Electronic
Latin
Holiday
Latin
Latin
Holiday
Blues
Latin
Latin
Blues
Holiday
Latin
Latin
Holiday
Latin
Tested 150 out of 1333 songs
Electronic
Holiday
Blues
Blues
Latin
Blues
Latin
Latin
Latin
Latin
Latin
Blues
Latin
Latin
Latin
Blues
Latin
Latin
Holiday
Latin
Latin
Latin
Latin
Holiday
Latin
Latin
Electronic
Latin
Holiday
Latin
Latin
Latin
Holiday
Latin
Holiday
Blues
Electronic
Electronic
Latin
Latin
Latin
Latin
Latin
Latin
Latin
Blues
Blues
Holiday
Blues
Holiday
Tested 200 out of 1333 songs
Latin
Latin
Blues
Holiday
Blues
Latin
Latin
Latin
Latin
Latin
Latin
Electronic
Electronic
Latin
Electronic
Latin
Latin
Latin
Blues
Electronic
Latin
Latin
Latin
Latin
Latin
Latin
Holiday
Latin
Holiday
Electronic
Latin
Latin
Holiday
Latin
Latin
Latin
Latin
Blues
Latin
Blues
Latin
Holiday
Latin
Latin
Latin
Latin
Latin
Latin
Latin
Latin
Tested 250 out of 1333 songs
Latin
Holiday
Blues
Electronic
Latin
Electronic
Latin
Latin
Latin
Holiday
Latin
Latin
Latin
Latin
Holiday
Latin
Latin
Latin
Latin
Holiday
Latin
Holiday
Latin
Latin
Latin
Blues
Latin
Latin
Latin
Latin
Latin
Latin
Holiday
Latin
Latin
Latin
Holiday
Latin
Latin
Holiday
Latin
Latin
Pop_Rock
Latin
Latin
Latin
Latin
Latin
Latin
Latin
Tested 300 out of 1333 songs
Blues
Rap
Latin
Latin
Blues
Pop_Rock
Latin
Latin
Holiday
Latin
Latin
Electronic
Latin
Latin
Latin
Latin
Latin
Holiday
Latin
Holiday
Latin
Holiday
Latin
Latin
Latin
Electronic
Latin
Latin
Latin
Latin
Latin
Latin
Latin
Holiday
Latin
Electronic
Latin
Holiday
Holiday
Latin
Electronic
Holiday
Electronic
Latin
Rap
Latin
Holiday
Latin
Pop_Rock
Pop_Rock
Tested 350 out of 1333 songs
Holiday
Latin
Holiday
Latin
Latin
Latin
Latin
Holiday
Latin
Latin
Holiday
Latin
Pop_Rock
Electronic
Blues
Latin
Latin
Latin
Latin
Latin
Electronic
Latin
Latin
Latin
Latin
Latin
Latin
Blues
Latin
Electronic
Latin
Latin
Latin
Latin
Latin
Latin
Latin
Blues
Holiday
Holiday
Latin
Latin
Latin
Holiday
Latin
Latin
Latin
Latin
Latin
Latin
Tested 400 out of 1333 songs
Latin
Latin
Electronic
Latin
Electronic
Pop_Rock
Latin
Latin
Latin
Latin
Latin
Latin
Pop_Rock
Latin
Latin
Blues
Latin
Latin
Latin
Holiday
Holiday
Latin
Blues
Latin
Latin
Blues
Holiday
Holiday
Latin
Blues
Holiday
Latin
Latin
Latin
Latin
Latin
Latin
Latin
Holiday
Latin
Latin
Electronic
Latin
Latin
Latin
Latin
Holiday
Holiday
Latin
Blues
Tested 450 out of 1333 songs
Blues
Electronic
Latin
Latin
Latin
Latin
Latin
Latin
Latin
Latin
Latin
Holiday
Latin
Electronic
Latin
Latin
Latin
Latin
Latin
Blues
Latin
Latin
Latin
Latin
Latin
Latin
Latin
Rap
Electronic
Electronic
Latin
Latin
Latin
Electronic
Blues
Blues
Latin
Latin
Latin
Latin
Latin
Latin
Holiday
Latin
Latin
Latin
Latin
Latin
Latin
Holiday
Tested 500 out of 1333 songs
Electronic
Latin
Electronic
Latin
Holiday
Holiday
Latin
Latin
Latin
Electronic
Latin
Latin
Latin
Latin
Rap
Holiday
Electronic
Latin
Blues
Blues
Electronic
Latin
Latin
Latin
Blues
Latin
Latin
Electronic
Holiday
Holiday
Latin
Latin
Latin
Latin
Latin
Electronic
Latin
Latin
Latin
Latin
Latin
Latin
Latin
Latin
Latin
Latin
Latin
Latin
Latin
Electronic
Tested 550 out of 1333 songs
Blues
Latin
Latin
Latin
Latin
Latin
Holiday
Latin
Holiday
Latin
Latin
Rap
Latin
Latin
Latin
Blues
Latin
Latin
Latin
Holiday
Electronic
Latin
Latin
Holiday
Holiday
Holiday
Latin
Blues
Latin
Holiday
Latin
Electronic
Latin
Latin
Latin
Holiday
Latin
Latin
Latin
Electronic
Holiday
Latin
Latin
Latin
Latin
Latin
Latin
Latin
Electronic
Blues
Tested 600 out of 1333 songs
Latin
Electronic
Latin
Latin
Latin
Holiday
Blues
Latin
Latin
Latin
Latin
Holiday
Holiday
Latin
Latin
Latin
Electronic
Blues
Latin
Electronic
Latin
Latin
Latin
Latin
Blues
Blues
Latin
Latin
Holiday
Latin
Holiday
Latin
Latin
Latin
Electronic
Latin
Latin
Latin
Latin
Latin
Blues
Latin
Holiday
Holiday
Latin
Holiday
Latin
Holiday
Latin
Electronic
Tested 650 out of 1333 songs
Blues
Electronic
Latin
Latin
Latin
Holiday
Holiday
Latin
Latin
Latin
Latin
Latin
Latin
Latin
Latin
Latin
Latin
Holiday
Blues
Holiday
Latin
Latin
Latin
Blues
Latin
Latin
Blues
Latin
Latin
Latin
Latin
Latin
Latin
Latin
Latin
Latin
Holiday
Latin
Latin
Latin
Electronic
Latin
Latin
Latin
Latin
Latin
Latin
Latin
Latin
Holiday
Tested 700 out of 1333 songs
Latin
Latin
Electronic
Electronic
Latin
Latin
Blues
Blues
Latin
Latin
Latin
Latin
Holiday
Latin
Latin
Latin
Latin
Latin
Latin
Latin
Blues
Latin
Latin
Latin
Latin
Latin
Latin
Latin
Latin
Holiday
Latin
Holiday
Latin
Latin
Latin
Blues
Latin
Holiday
Electronic
Latin
Latin
Holiday
Latin
Latin
Latin
Holiday
Latin
Latin
Latin
Blues
Tested 750 out of 1333 songs
Latin
Holiday
Blues
Latin
Holiday
Holiday
Pop_Rock
Latin
Latin
Latin
Latin
Latin
Latin
Latin
Latin
Latin
Latin
Holiday
Latin
Holiday
Latin
Latin
Latin
Holiday
Holiday
Latin
Holiday
Latin
Latin
Electronic
Latin
Latin
Latin
Latin
Latin
Latin
Latin
Latin
Latin
Blues
Latin
Holiday
Latin
Latin
Latin
Latin
Latin
Holiday
Blues
Latin
Tested 800 out of 1333 songs
Holiday
Latin
Holiday
Blues
Blues
Latin
Holiday
Pop_Rock
Blues
Electronic
Latin
Holiday
Holiday
Latin
Latin
Holiday
Latin
Holiday
Latin
Latin
Blues
Latin
Latin
Electronic
Electronic
Holiday
Latin
Holiday
Latin
Latin
Latin
Latin
Blues
Latin
Electronic
Latin
Blues
Holiday
Holiday
Latin
Latin
Latin
Latin
Latin
Holiday
Holiday
Latin
Latin
Latin
Holiday
Tested 850 out of 1333 songs
Latin
Blues
Blues
Holiday
Blues
Latin
Latin
Latin
Latin
Latin
Holiday
Blues
Latin
Blues
Blues
Latin
Latin
Latin
Holiday
Latin
Latin
Latin
Holiday
Holiday
Latin
Latin
Holiday
Holiday
Latin
Latin
Holiday
Electronic
Latin
Latin
Latin
Blues
Latin
Holiday
Latin
Holiday
Latin
Latin
Latin
Blues
Holiday
Latin
Electronic
Latin
Blues
Latin
Tested 900 out of 1333 songs
Latin
Latin
Latin
Latin
Latin
Latin
Blues
Latin
Blues
Latin
Holiday
Electronic
Latin
Latin
Latin
Latin
Electronic
Latin
Latin
Blues
Latin
Latin
Latin
Latin
Latin
Latin
Holiday
Latin
Latin
Latin
Latin
Blues
Latin
Latin
Electronic
Latin
Blues
Latin
Latin
Holiday
Electronic
Latin
Latin
Blues
Blues
Latin
Latin
Holiday
Latin
Pop_Rock
Tested 950 out of 1333 songs
Latin
Pop_Rock
Latin
Latin
Latin
Holiday
Latin
Latin
Latin
Blues
Latin
Blues
Latin
Latin
Holiday
Latin
Electronic
Latin
Latin
Latin
Holiday
Electronic
Holiday
Latin
Latin
Latin
Latin
Rap
Electronic
Latin
Latin
Latin
Latin
Latin
Latin
Latin
Blues
Latin
Latin
Latin
Pop_Rock
Electronic
Latin
Latin
Latin
Latin
Holiday
Latin
Latin
Latin
Tested 1000 out of 1333 songs
Latin
Latin
Latin
Latin
Holiday
Latin
Latin
Latin
Latin
Latin
Latin
Latin
Latin
Latin
Latin
Latin
Holiday
Latin
Latin
Holiday
Latin
Holiday
Holiday
Latin
Latin
Latin
Latin
Latin
Latin
Latin
Latin
Latin
Latin
Latin
Latin
Blues
Latin
Latin
Latin
Latin
Latin
Latin
Latin
Latin
Latin
Latin
Latin
Latin
Latin
Blues
Tested 1050 out of 1333 songs
Latin
Latin
Latin
Latin
Latin
Latin
Latin
Latin
Rap
Holiday
Latin
Latin
Latin
Latin
Blues
Blues
Holiday
Electronic
Electronic
Electronic
Latin
Holiday
Holiday
Blues
Latin
Latin
Holiday
Latin
Holiday
Holiday
Electronic
Holiday
Latin
Blues
Holiday
Latin
Latin
Latin
Blues
Latin
Holiday
Holiday
Latin
Blues
Electronic
Latin
Latin
Latin
Latin
Blues
Tested 1100 out of 1333 songs
Latin
Latin
Latin
Latin
Latin
Latin
Latin
Electronic
Blues
Electronic
Latin
Latin
Latin
Latin
Electronic
Pop_Rock
Latin
Holiday
Latin
Latin
Latin
Latin
Electronic
Latin
Latin
Latin
Latin
Latin
Latin
Electronic
Latin
Electronic
Latin
Latin
Latin
Latin
Latin
Latin
Latin
Holiday
Latin
Electronic
Latin
Latin
Blues
Latin
Latin
Latin
Latin
Latin
Tested 1150 out of 1333 songs
Latin
Latin
Latin
Latin
Latin
Holiday
Latin
Blues
Blues
Latin
Blues
Electronic
Electronic
Holiday
Latin
Holiday
Latin
Holiday
Latin
Latin
Latin
Latin
Latin
Holiday
Latin
Latin
Latin
Latin
Latin
Latin
Electronic
Latin
Electronic
Latin
Latin
Holiday
Holiday
Electronic
Latin
Latin
Latin
Latin
Latin
Latin
Latin
Latin
Latin
Electronic
Latin
Latin
Tested 1200 out of 1333 songs
Electronic
Latin
Electronic
Latin
Holiday
Latin
Latin
Latin
Holiday
Holiday
Holiday
Latin
Latin
Latin
Latin
Latin
Latin
Blues
Latin
Latin
Latin
Latin
Latin
Latin
Latin
Latin
Latin
Latin
Latin
Electronic
Holiday
Blues
Latin
Latin
Blues
Latin
Blues
Latin
Latin
Electronic
Holiday
Latin
Holiday
Latin
Holiday
Latin
Electronic
Latin
Latin
Electronic
Tested 1250 out of 1333 songs
Latin
Latin
Latin
Latin
Latin
Latin
Latin
Blues
Latin
Electronic
Latin
Latin
Latin
Latin
Latin
Latin
Latin
Latin
Latin
Blues
Holiday
Holiday
Latin
Holiday
Latin
Blues
Electronic
Electronic
Latin
Holiday
Latin
Blues
Latin
Latin
Latin
Latin
Latin
Latin
Latin
Electronic
Holiday
Holiday
Holiday
Latin
Holiday
Latin
Latin
Latin
Latin
Latin
Tested 1300 out of 1333 songs
Electronic
Holiday
Latin
Latin
Latin
Latin
Holiday
Holiday
Electronic
Latin
Latin
Latin
Latin
Latin
Electronic
Latin
Latin
Latin
Holiday
Latin
Latin
Rap
Latin
Latin
Latin
Latin
Latin
Holiday
Latin
Latin
Latin
Latin
Latin
The accuracy of the model is   6.30%